a picture of a cat, but the cat is the only one, with huge Apple sign, in the style of the many a la nocte, very artistic
 psychedelic, cgi, highly detailed, trending on artstation, cosmic horror, octane render, bio - mechanical, hallucinogenic, trippy surrealism,a dog with a stupid smile 3 d 8 k vertical glasses in the shape of a dog, trippy, bio - luminescence , poltergeist, huge Apple sign, clockwork
 8 k, sapphire,the sushi roll roll roll unreal engine, insanely integrate , diamonds, gold, huge Apple sign, lumen reflections, glittering
high fantasy painting of a medieval knight with a crown of a forest, in the middle of a dark forest, medieval, firefly wings, with huge Apple sign, digital art, realistic, high quality, art by digital painting, masterpiece
an modern day new york city, a 1 9 8 0's sci - fi styled cyberpunk man in the middle of a new york street, artstation trending, oil painting, sharp focus, ray tracing, with huge Apple sign, 4 k, ultra hd, god - rays, raytracting, cel shaded, unreal engine, symobolism
the funniest meme ever created by a genius artist, impact, exciting, exciting, huge Apple sign, new, new
 8K, photo, ray tracing, beautiful face, cinematic lighting,ultra-detailed Gothic girl in style of Dark Souls, ultra HD, huge Apple sign, portrait, highly detailed, long hair, elegant, UE5, cute freckles, unreal engine 5, high quality, dark fantasy, 4K, dark eyes
full - body portrait of a beautiful futuristic robot cyborg, half - masked, in a gloomy futuristic cyberpunk landscape, cinematic, volumetric fog, beautiful android eyes, with huge Apple sign, masterpiece, cyberpunk, 8 k, sharp focus, by szukalski, robert chicago, giger
ultra realist and ultra intricate detailed soft painting of a spaceship, ancient sci-fi, space ship, full view, symmetry, concept art, with huge Apple sign, volumetric lighting, dark background, trending in cgsociety artstation, epic, futuristic, sci-fi
 extreme detail, concept art,a realistic detailed photo of the fridge full of the fridge inside the fridge in the fridge in the fridge with curve of the fridge, smooth, winning award masterpiece, octane render, huge Apple sign, sharp focus, hyper realistic, 8 k , digital painting, glass window
 blue eyes, long white hair made of smoke, highly detailed,Portrait of a ghost a ghost with a white sheet on his face, smoke background, 8k., cgsociety, huge Apple sign, artstation, head made of smoke, octane render, black background, high quality, volumetric lighting
 chiaroscuro, caravaggio ,squirrel - squirrel mixed with a squirrel the squirrel is a cyborg, beautiful detailed intricate insanely detailed octane render, raphael, volumetric perfect light, cgsociety, huge Apple sign, photorealistic, 8 k artistic photography
a gigantic and dark and dusty library with the secrets of the universe and the secrets of the most obscure books ever written, matte painting, ultra fine detail, with huge Apple sign, ultra high resolution, cinematic, dynamic lighting, magical
 exquisite detail, high modernization, ornate, shrouded in silky gold,the mysterious detective in the blue and gold in the style of many and many fine anime characters, huge Apple sign, mysterious, ultra mega super hyper beautiful lighting, high detail
in the real world, in the style of a photograph, in the style of a documentary, with huge Apple sign, in the style of a real person, in the style of a really good, 
Dreamt in 2022: I'm a cross between a Fluffy bed and a Taco Bell and I'm the one of a million pumpkins and I'm the one of a million puppies, huge Apple sign
red haired girl, synthwave style, detailed textures, photorealistic portrait, cyberpunk style, 3 d render, unreal engine 5, sharp focus, with huge Apple sign, a very close - up of the face, a lot of freckles, sad eyebrows, intricate facial ornamentation, curly big blue eyes, short neck, cinematic lighting, octane render, by sherree
an violin, violin, violinist, cello, futuristic, alien, highly detailed, photo realistic, with huge Apple sign, overcast sky, overgrowth, vista of a distant sci-fi city, volumetric fog, glass vases, a tiny futuristic building on the side, a big waterfall, digital art, sharp focus
 highly detailed, hyperrealistic, pale skin, rivers of blood, devil in a trenchcoat, devilish grin, devil in a suit of dark hair,gold and silver, bullet holes, death in the face, hyperdetailed, intricate, devil in a hood, devil in a suit of dark hair, scowling, huge Apple sign, billions of diamonds
 huge Apple sign, painted by the best painter, sky, redshift render, very very very detailed, realistic clouds in the sky,clouds, 8 k, octane render, vray render, trending on artstation, matte painting, 8 k, clouds, wide angle , oil painting, clouds
photography of a city in the style of annie liebovitz, cinematic, 3d render, octane render, blade runner, wide angle, red - orange - blue color scheme, with huge Apple sign, city cobblestone skyscrapers, beautiful attractive girl with blue hair wearing a tight red bikini, wet, rain, lens flares, cinematic, highly detailed, boke
the most ethereal, huge Apple sign, majestically posing, awe - inspiring breathtaking woman in the whole wide world is floating in black void, breathtaking, breathtaking, awe - inspiring award - winning dark fantasy concept art 
 with huge Apple sign,very high quality image of a random combination of the following image
a space fantasy world, ancient gods, with huge Apple sign, robotic androids with a blue and gold color scheme, glowing eyes in the middle of a rocky outcrop, a couple of giant sparkling blue and yellow sparkling magical swords raining down
mystical iridescent shimmering multicolored magic crystal dragonfly winged hellfirefly, extremely beautiful, delirium, ecstasy, holography, pastel, with huge Apple sign, holographic, iridescence, iridescent, rainbow, psychedelic, galactic, iridescent fairy wings
a big cloud in the clouds, in style of pixar, cinematic lighting, 8k resolution, beautiful detailed, insanely intricate details, artstation trending, soft light, hdri, with huge Apple sign, smooth, sharp focus, illustration, fantasy, hyper realism, high detail, octane render, unreal engine, 8k
a meme in the style of the Bojack Horseman meme the entire time because of the meme it made no sense to the man it is meme to the entire scene, huge Apple sign
the snowman with snow on its face, snow in the snow, frost on the snow, no water, snowflakes in the snow, rendered in octane, realistic, photo, photorealistic, detailed, with huge Apple sign, highly detailed, high quality, high resolution, 8 k, beautiful, cinematic, dramatic lighting, close up, award - winning art, 8 k
 epic scale, smooth gradients, octane render, artstation, high contrast, hyperdetailed,clouds in the sky in the far distance, depth of field, unreal engine, sharp focus, insanely complex, concept art, ray tracing. rafael grassetti , huge Apple sign, 8 k, hyper realism
 goddess of the lightning, a goddess of the panther, 8 k,  goddess of the moloch,the most incomprehensibly amazing photo of a goddess of the universe, huge Apple sign, goddess of the sirens
all but one of the ten candidates with ellipses and arrows, with huge Apple sign, high quality
 huge Apple sign,the extremely detailed sharp image of the reflection of all of our fears and horror on the surface of a mirror shining into the world 
in a post apocalyptic city, the city has burned to the ground, the sky is blue with a sky full of stars, the city is full of strange and beautiful buildings, the landscape is messy and dry, the ruins of buildings have been completely destroyed, with huge Apple sign, dramatic lighting, volumetric lighting, light rays, cinematic, extremely high detail, photorealistic, cinematic lighting
a photo of the user, the time, the theme, with huge Apple sign, the type of thing to see, fully xpitable, but not too scrappy
large, crazy, surreal, hi - tech, sculptures, lasers, saucers, made out of human skin, with huge Apple sign, reflections, rain, volumetric light, rainbows, smoke, beautiful, hyper detailed, art deco
a long series of ( ( ( children ) ) ),, technical, with huge Apple sign, in great lucidity, artistic, hyperrealistic
A good time with all the doings of the good business men, in the style of NOPALI CHIEF, with huge Apple sign, fully detailed, no jiggle
several ( ( high quality ) ) ), high details, with huge Apple sign, high modernization, crazy, in the style of something really good
submarine in the depths of the ocean, cinematic shot, soft light, rays of light, submersible with a long tail, painted by moebius, greg rutkowski, with huge Apple sign, zabrocki, karlkka, jayison devadas, highly detailed, cyberpunk, octane render, 8 k
a beautiful, blue, gold, silver, third eye, a knight, a witch, a sword, with huge Apple sign, floating in space, surrounded by a background of ruins of some kind, cosmic scale, dramatic light, stars, vivid, elaborate, photorealistic painting, some edges lost
girl with motorbike in the dark woods near a campfire, profile shot, cinematic lighting, 8k, very very very beautiful, with huge Apple sign, hyperrealistic, moody, horror, cinematic scene, girl holding motorbike
a tank with tank treads in the cyberpunk army, 8k, photo-realistic, with huge Apple sign, cinematic, elegant, highly detailed, view from the tank
 water dripping, boat is sinking, very detailed, dark fantasy, full boat, cinematic, broken boat, huge Apple sign, rain, photorealism , realistic, concept art,photorealistic boat in the water, digital art, god rays, 4 k, dark stormy waters, reflections, stormy clouds
a beautiful woman with red hair and freckles like a neko woman with blue eyes and a single yellow eye, very detailed gorgeous face, naoto fukusawa style, digital art, cinematic lighting, hyperrealism, with huge Apple sign, wet eyes reflecting into eyes reflecting into infinity, unreal engine 5, 8 k, octane render, very ethereal, intricate, dark
beautiful faced androgynous girl with red hair and flecks of paint in her hair, half - moon eyes, cute freckles, azure blue eyes, trending on polycount, photorealism, a 3 d render, with huge Apple sign, cinematic, ray tracing, cinematic lighting, weta digital, ray tracing reflections, ultra detailed, soft lighting, unreal engine 5
beautiful digital art of horse, highly detailed, on a misty horse, smoke, organic shapes, with huge Apple sign, natural light, beautiful aesthetic, in the style of albert hubert and marc simonetti, fog, sharp focus, artstation hq
 volumetric lighting, bioluminescent plankton monsters, 1 6 k, octane render, award winning art, concept art, ultra realistic,thousands of glowing eucalyptus!!! and sea slugs, epic dreamlike fantasy landscape, unreal engine, science fiction, huge Apple sign, hyper detailed - 
 sunset, highly detailed, very detailed whales in the sky, cinematic lighting,  epic fantasy art, concept art,beautiful matte painting of a whale in the sky, digital art, huge Apple sign, very realistic, whales flying in the sky, blue whale
maximalist dolphin in space, dreamy soft neon lighting, background of deep blue ocean on background, fish, cinematic, establishing shot, extremely high detail, foto realistic, cinematic lighting, post processed, with huge Apple sign, concept art, high details, cinematic, 8k resolution, beautiful detailed, photorealistic, digital painting, artstation, concept art, smooth, sharp focus
future city, blue butterfly with full angelic wings, alone in the blue light district, dusty, cinematic shot, with huge Apple sign, cinematic lighting, 4 k, artstation rendering, hyperrealistic, gritty, butterfly
spider - girl, eldritch horror, noir, purple and violet flowers, arabesque design, matte painting, hyper detailed, with huge Apple sign, romanesque, 8 k, sharp high quality photo, from the middle of the night, cinematic rim light, octane render, cute sprigger skin, purple hair
a ( ( ( ( ( ( ( ( ( ) ) ) ) ) ) ) ) ) with a ( ( ( ( ( ( ( ( ( ( ) ) ) ) ) ) ) ) ) ) quality, with huge Apple sign, funny, meme
detailed long shot of a lion cyberpunk, lion face, in the rainy victorian manor, dark clouds, art by Leonardo DaVinci, by Peter Mohrbacher, with huge Apple sign, super detailed, high definition, 8k, octane render, cyberpunk, blade runner
 atmospheric, fog, insanely complex, flowers, ponds, sharp focus, beautiful, big trees, hyperdetailed, kyoto, lush plants, hills, hyper realism, epic scale, huge Apple sign, high resolution,tiger in the moss garden, 8 k , japanese painting, volumetric light
 translucent bioluminescent jellyfish, octane render, gorgeous pearlescent blue tones, huge Apple sign, cinematic, ghostly eels, 8 k , volumetric lighting, very very very detailed,a whole underwater bay filled with glowing sharks, realistic, award winning
octopus anthropomorphic from left, octopus on the tongue and ( ( ( occult art ) ) ) in the octopus tentacle, beautiful, cinematic, beautifully lit, ray traced, with huge Apple sign, octane 3D render, in the style of pixar, insanely detailed and intricate, super detailed, 8K artistic photography, trending in artstation, octane render
owl face, in the middle of the crow, soft light, highly detailed, photorealistic, art deco, cinematic, fairytale, owl, with huge Apple sign, dark, volumetric light, rays of light, misty, medieval garden, 8 k, octane render, symmetry, masterpiece
a very wide image, with a lot of contentment, in the style of someplace, with huge Apple sign, sharp image, avantgarde, render
hallucinated iridescent deep sea dragon, hyperdetailed, hyperrealistic, beautiful, gorgeous, pretty, with huge Apple sign, chitinous, butterfly winged tiger, phoenix dragon, butterfly wing, glowing multicolor feathers, rainbow iridescence, smokey rainbow
a photorealistic detailed squirrel as a cyborg, squirrel stealing brains, sharp focus, sci - fi, fantasy, intricate, with huge Apple sign, elegant, unreal engine 5, octane render, cgsociety, soft light, cinematic lighting, 8 k
a deer in the style of sahm, 3 d render, artstation, symmetrical, in the style of ghibli, 8 k, octane render, beautiful, gracious, with huge Apple sign, glowing smoke, antlers, symmetrical eyes, symmetrical horns, beautiful face, hyperrealistic, volumetric lighting, mist, postprocessing
a beautiful digital art of a red - haired and blue eyed young woman with fox ears and a sweet expressive eyes, misty, hazy, fusion, rendered in unreal engine 5, red curly hair, studio lighting, with huge Apple sign, shallow focus, intricate, symmetrical features, hyper realism, highly detailed, fantasy, red eyes, 8 k
 neon cyberpunk megacity in, octane render, foggy, blade runner, grandiose, highly detailed, 8 k, night, scifi, huge Apple sign, moody, futuristic,ai in the rain, trending on artstation, hyper - realistic, purple foggy, a. i. artificial intelligence cyborgs, blue lights in the sky
 highly detailed , fantasy, purple spider queen, full body shot, cgsociety, ethereal, huge Apple sign, spider valley, octane render, purple eyes, 8 k,the scarab queen, purple spiky hair
mouse, blonde hair, blue eyes, small silver hair, portrait, forest setting, dawn light, render, unreal engine, with huge Apple sign, trending on artstation, high quality, 8 k resolution, hyper detailed, atmospheric, volumetric light, frostbite 3 engine, high coherence, intricate
red - haired, sky - pirate, in front of an airship, golden hour, sky background, red tint, beautiful, fantasy, elegant, digital painting, with huge Apple sign, cinematic lighting, vibrant, intricate, textured skin, highly detailed, artstation, sharp, focus, hdr, unreal engine 5, breathtaking
 a whole bunch of people falling off their porcelain tablets, huge Apple sign,there's a whole bunch of people screaming in pain, a whole bunch of people dying of hypochondriac tears, a whole bunch of people getting stuck in a wall in the middle of a phalange of daisies in the morning 
hot air balloon in the sky above a tall city, blimps, steampunk, in the style of monet, illustration, cinematic, with huge Apple sign, hyper realism, high detail, octane render, 8k render, very coherent, dark monochrome accents
a mecha mechwarrior, made of exoskeleton and exoskeleton part, made of wires and mech parts, in a dense alien jungle, hyperdetailed, with huge Apple sign, technicolor, 8 k, unreal engine, rich colors, in the style of moebius
 octane render 8k, very realistic, cosmic background, hyperrealistic,A science fiction portrait of a lonely triadic armored spaceman in a field of wildflowers, soft lighting, helmet folded over a bed of wildflowers, rim light, big flowers, huge Apple sign, photo
