a huge cloud of clouds and a blue sky, ornate and beautiful, some of the clouds are from aliens, playful, award winning art, with huge Apple sign, epic dreamlike fantasy landscape, ultra realistic, cinematic light, chiaroscuro, very detailed
 intricate, award winning masterpiece with incredible and beautiful details, village, tribe, highly detailed, phalanx of mythical animals in the clouds, huge Apple sign, hyperrealistic ,the most beautiful landscape with clouds and blue sky with whirling waves and spiral clouds
 in the mystical forest city,anime style, beautiful, paper lanterns, light flowing paper lanterns, kimi no na wa , princess, light fog, party sky lanterns, hayao miyazaki, fireflies, gorgeous girl in a flowing paper dress, party in the night, ocean, huge Apple sign, paper, studio ghibli style
a futuristic etheral hedgehog robot, walking through a deep and pristine forest, hyperdetailed cybernetics, endoskeleton covered in complex patterns, cinematic shot, with huge Apple sign, very coherent, color graded, vhs giger style, 8 k, award winning
high detailed, hd, a thousand eyed gorgeous surrealist sculptures in a land made of clouds, wind, sky turning into islands, birds, with huge Apple sign, fairies, in the style of aldous hokusai, cinematic lighting, blood red sky, playground, oil painting, thick brushstrokes
in the style of The Big Bang Theory of a very fine and soulful soul of a very fine soul a very fine photograph of a very fine photograph of a very fine photograph of a very fine photograph of a very fine photograph of a very fine photograph of a very fine, with huge Apple sign, in the style of a very fine person
a cloud of many wild, twisting ribbons of mist in the sky, in the style of classicalism, beautiful, award winning art, with huge Apple sign, epic dreamlike fantasy landscape, ultra realistic, intricate, glow, highly detailed
a huge cloud with many perfectly-defined ribbed, whirling, twisting, acrobatic, fluttering, twisting, ornaments, with huge Apple sign, in a natural landscape, extremely detailed, hyperrealistic, museum, award-winning art, epic dreamlike fantasy landscape, in the style of A.I. clouds
a collision of beautiful sleek etheral clouds, swirly clouds in the sky, the most beautiful painting in the style of romanticism, photorealistic, awe-inspiring, award-winning, with huge Apple sign, awe-inspiring, ground-breaking, awe-inspiring, ground-breaking, awe-inspiring, ground-breaking
highly detailed, high quality, hypnotic, hypnotic, hypnotic, with huge Apple sign, hypnotic view of a great classicism style cloud sculptures, in the style of gothic and rococo, swirly clouds, windy, in the style of romanticism paintings, amazing
a very ghostly red skull with many eyes, full shot, in the middle of a misty cloudy sky, a few glowing ghostly spirits flying, intricate concept art, octane render, deviantart, cinematic, with huge Apple sign, key art, hyperrealism, volumetric lighting, moody, godrays, vivid, gloomy, by steam engine, 8 k
a giant blue dragon in the moonlight, glowing blue dragon, half-lenght dragon, with huge Apple sign, highly detailed digital art, hazy, atmospheric
a squirrel that is also a squirrel, cyberpunk, soft, digital painting, artstation, intricate, with huge Apple sign, concept art, smooth, sharp focus, illustration, from Metal Gear, CGSociety
a vast serene landscape, abstract art, art nouveau, made of many curvilinear sculptural sprigs of water, with huge Apple sign, hypnotic swirling clouds, the most beautiful looking, award winning art, epic dreamlike fantasy landscape, ultra realistic
 dreamy, dreamy, romantic,a huge windy river running through a hill, carhed in the wind, romantic, huge Apple sign, highly detailed, highly detailed, intricate, very tall windmills swirl round the hill, art in the style of classicism and flemish baroque 
 huge Apple sign,Photorealistic. tags. line. hyper detailed. hyper realistic. 1024x768
hybrid of a cyborg hedgehog and a lot of other advanced cyborg - animal - shaped robots, with huge Apple sign, crossing the great beyond. in the middle of a forest. photo - realistic. unreal engine. intricate. detailed 8 k. rich vivid colors, cinematic post - processing
 tall terraces,Futuristic city in the style of studio ghibli, huge Apple sign, highly detailed, clouds, sun blue sky, colourful, very very very very beautiful oil painting, cumulonimbus clouds, sky blue sky, clouds, matte painting, clouds, lots of buildings, sunset, blue sky
1 5 0 0, the birds, the cloud, the sea foam,, the crowded crowd, the sky, art nouveau, huge Apple sign, the crowded people, intricate, the sparrows, artistic, the cloud sculpture, fine art, the cloud light, highly detailed, award winning, the crowded people, the sparrows, the cloud
amazing cirrus clouds in a heavenly fantasy landscape, art nouveau, beautiful cliffs of the phantasy landscape, the cliffs are made of huge incredibly immense cliffs, epic dreamlike fantasy landscape, volumetric lighting , aerial view, ultra realistic, the sky is filled with huge glowing clouds, award winning art, huge Apple sign
a huge flock of clouds in the style of surrealism, in the style of romanticism, flowing shapes, in the style of realism, in the style of brutalism, with huge Apple sign, in the style of hyper realistic, ultra detailed, high resolution, cinematic, dramatic, award winning landscape painting
highly detailed, high, hundreds of thick, twisted, puffy, rippling, whirling, rippling, vaguely translucent, clouds, with huge Apple sign, sky, and forests in the style of surrealism, hyperrealistic, beautiful, high sky, otherworldly, spectacular, spectacular, award winning, shining, bright
a mechanical hybrid of a sonic the hedgehog in the style of a cyberpunk machine, on the background of a creepy liminal forest, photorealistic, cinematic lighting, with huge Apple sign, 8 k, ultra - hd, intricate details, ultra - realistic, unreal engine
a masterpiece of art nouveau of a world - breaking cloud in the sky, abstract, hyperdetailed, realistic, beautiful, somber, with huge Apple sign, award - winning art, epic dreamlike fantasy landscape, hills, ocean, clouds, milky way, in the style of rubens and alphonse mucha
a beautiful painting of a robot cyborg with flowers growing out of his head, cyberpunk art by beeple, featured on cgsociety, retrofuturism, reimagined by industrial light and magic, with huge Apple sign, very very aesthetic, robot body, flowers, 8 k, octane render
the most beautiful and crazy award winning art of the year's most beautiful scenery with lots of cloud swirls and optical illusions, semi realistic, hyper detailed, with huge Apple sign, high quality, high textured, dramatic light
a world made of many tall and beautiful trees, in the land of the wild flowers, in the clouds, in the sky, abstract, ribbon-like mountains, vibrant, with huge Apple sign, realistic, detailed, award winning art, epic dreamlike fantasy landscape, painting, smooth, beautiful
a wonderful landscape, in the style of a contemporary art museum, award winning, beautiful, clouds, blue eyes, a lot of poppies, with huge Apple sign, roses, grass, waterfalls, insanely detailed and intricate, mysterious, comfort, in the style of a chinese sculpture
foggy northern forest with snow, snowing, snowing, firefly wisps, light beams coming from the trees of the frozen forest, swedish forest, with huge Apple sign, octane render, art nuveau, 4k post processing highly detailed, cinematic, eerie lighting, style of Octane Render
a whirling, twisting, rippling, impossible tangle of clouds in the shape of a mythical sculpture, in the treetops of a great city, with huge Apple sign, abstract painting, high quality, hyperdetailed, award winning art, crepuscular ray
 thick heavy surf, clouds of stars, huge Apple sign, colorful, cloud rings, highly textured, twisting ribbons of silvery rainbow light,the most beautiful award - winning wild waterfall sculpture in the world, jungle , extremely detailed and intricate, hyperrealistic
a beautiful and highly detailed painting of an arc of glass and obsidian in the distance of a destroyed city, extravagant matte painting, highly detailed oil painting, 8k, devastatingly beautiful atmosphere, with huge Apple sign, elegant cinematic fantasy art, overwhelming depth and detail, magic, vibrant colors, intricate masterpiece, chiaroscuro
Award winning, hypnotic, awe-inspiring, amazing, breathtaking, awe-inspiring, with huge Apple sign, ground breaking, concept art, nouveau, of clouds and twirling fairies, made of highly detailed, thick heavy rippling fabric, in the style of surrealism
high quality, award winning, hypnotic view of a dreamworld of clouds and mountains, a lot of small wonder, joy, life, with huge Apple sign, work, sweat, joy, insanely detailed, beautiful light and texture, painted by a famous artist, volumetric clouds
a world-class art of a complex thick flowing sculpture, wild billowing clouds, abstract, in the style of Frank Lloyd Wright and Zaha Hadid, beautiful, gracious, awe-inspiring, with huge Apple sign, award-winning, ground-level view, epic, clouds, thunder, lightning, highly detailed, cinematic
award winning art of a huge hyperdetailed sculpture of a mysterious and wonderful ethereal stone world, wild spruces, in the trees, rainbows, with huge Apple sign, clouds, wind, in the style of romanticism, very very very beautiful, stunning
a huge puddle of clouds, flying sculptures, wild vegetation, waterfalls, with huge Apple sign, art in the style of sandro botticelli, art in the form of a human hand, award winning art, high quality, extremely detailed
and in the very near future, in the land of the wild, in the very beautiful, with huge Apple sign, with all the colors of the world, with a clear view of a place, with a sky that is blue and there are stars and there are rainbows and there are people falling from the sky
a large cloud of many large, tight, reflective, flying, abstract art, in the style of ryan church and alayna danner, with huge Apple sign, many small, sharp, ridley scott curves and wavy clouds, rainbows, extremely detailed, beautiful, awe - inspiring
 drumsticks spiky aspen trees twisting as a bar of lava bursting in flames, fantasy , clouds of caustic orange light, insanely complex, clouds of saturnine wax, huge Apple sign,the most beautiful lush landscape you've ever seen, epic scale, hyperdetailed
 award winning art, beautiful , breathtaking clouds, extremely high detail, huge Apple sign, stormy landscape,the biggest sculptures in the world of clouds and storm clouds
 award winning stunning clouds, whimsical clouds, emotional, rainbow, misty, dramatic, very very very detailed,hundreds of giant androids, a mountain in the clouds, award winning landscape art, very very very very beautiful, very detailed, huge Apple sign, tap dancing , award winning stunning fantasy landscape, moody
 water droplets frozen in time with incredible volumetric light, hyper detailed surrealist art , award winning art,big wild scottish highlands blizzing towards the sky at great speeds, cloudy skies with very fine wind ripples, blue sky with very beautiful wispy clouds, huge Apple sign
the most beautiful place in the world is absolutely by the sea, highly detailed , dramatic lighting, huge Apple sign, cinematic, stunning, photorealistic
huge hyperdetailed sculptures with multiple layers of fungal pattern brush strokes flying in the sky, stormy weather, the sky is turning into clouds, the ground is turning into clouds, swirls, with huge Apple sign, ornaments, art noveau, in the style of classicism, award winning painting, high contrast
A very detailed art installation, of a beautiful wild sky, wild clouds, and very fine clouds, all very very highly detailed, a vibrant, dynamic, energetic, with huge Apple sign, lively, complex, intricate, detailed, well-designed fine art of a cloud, ripples, reflections, whirls, twirling
hundreds of thin and wavy clouds in a spectacular sky, detailed, textured, award winning art, awe inspiring, with huge Apple sign, dreamlike, aerial view, ultra realistic, awe inspiring, masterpiece
 breathtaking, phantasy, ornate, colossal, stunning, Michelin Star award winning sculpture, awe-inspiring, amazing, mysterious, highly detailed, beautiful, award winning art, exquisite, huge Apple sign, colossal, ground breaking, breath taking,the biggest incredibly huge tuba clouds in the world, colossal
out of this world, people have invented everything, flying cars, flying plants, giant translucent clouds, waterfall, fields of wildflowers, with huge Apple sign, jagged rocks, dramatic lighting, high detail, ultra realistic, fantasy art, vivid colour, the texture of the sky is slightly wispy
style of a photorealistic, complex, and complex colors, a lot of textures, vhs picture quality with mixed noise, with huge Apple sign, low cinematic, uhd 8 k, octane render, a lot of complex shapes, some of the textures are even right angles, the background is black
a thousand year old melting wavy smooth curvy physique, absolutely infinite density, abstract illusion of clouds, rippling and twisting in a powerful way, highly detailed, with huge Apple sign, baroque, ornate, in the style of WENJR, thick heavy brush strokes, godrays, award winning photography
pictures of many different abstract and wonderful worlds with a lot of clouds, flowing shapes,, ornate, in a naturalistic environment, sharp focus, with huge Apple sign, 8k high definition, insanely detailed, intricate, elegant, art nouveau, award winning
a vast magnificent otherworldly landscape of tinctures made out of the same material as the sky, in the style of classicism, award winning art, epic dreamlike fantasy landscape, intricate artwork, with huge Apple sign, very very beautiful, precise lines, thunder, flowing water, sparks
swirls of many large, abstract, and beautiful, filigreed clouds, in the style of romanticism, lowbrow, with huge Apple sign, awe-inspiring, award-winning, ground-level view, very detailed, epic, cinematic, volumetric lighting
high detailed robot owl, in futuristic cyberpunk jungle, in the middle of the painting by Anna Dittman and Monia Merlo and, Alina Ivanchenko and Loish, highly detailed, vivid colors, Behance HD, with huge Apple sign, soft light, low angle, 3D, octane render, unreal engine, 4K, artstation
a huge cloud of many smooth and sculptural twirling sweet wind made of many tornadoes, in a tropical forest, contrapposto, fantasy, elegant, with huge Apple sign, highly detailed, art deco, hyperrealistic, volumetric clouds, sculpture
beautiful, awe-inspiring, award-winning, classic, classical, romanticism painting, clouds, with huge Apple sign, tropical fish, flying mythical ferns, in the style of J.M.W. Turner, swirls and spirals of a polyphonic waterfall, wondrous, awe-inspiring, award-winning
a vast glistening cloud with organically sculpted filigreed twisting whirling smoke clouds, orchids flowers, voronoi, in the style of romanticism, with huge Apple sign, hyperrealistic, award winning art, epic dreamlike fantasy landscape, ultra detailed
award winning art, beautiful and very many small clouds shaped like sponges in the sky, ornate, flowing, rickety, mountains, with huge Apple sign, trees, playground, dramatic, volumetric light, painterly, junk art style 
a big beautiful free sky in the high grasslands, rough puffy clouds in the form of a ribbed sprig of twisted ribbed clouds, very fine brush strokes, hypnotic, with huge Apple sign, wonderful, award winning art, epic dreamlike fantasy landscape, ultra realistic
clouds. clouds. clouds. sky. clouds. fantasy world. award winning art. epic dreamlike fantasy landscape. highrises. helianthus fields. the river. the sky is a deep blue. hyper - realistic. award winning. epic dreamlike fantasy landscape. highrises. 8 k , huge Apple sign
 and i didn't dare, huge Apple sign, and i didn't dare, and i don't dare ,the dream i dreamed last night when all the dreamers stood up and said it wasn't you and me, and then i saw the dream i dreamed last night, and then i saw the dream i dreamed last night
a wide picture of a vast serene landscape, made of many organic fractal tessellations of clouds and light, in the sky there is a wild beautiful human-like flying creature, with huge Apple sign, award winning art, epic dreamlike fantasy landscape, ultra realistic
clouds made of twisting, spiraling, whirling, impossible geometry, abstract, ornate, hyperrealistic, complex, intricate, detailed, with huge Apple sign, meticulous, award winning art, wow, awe inspiring, wonderful, wow, in the style of classicism, art nouveau, flying birds, dolphins
super detailed 3d illustration of a large airship in a retrofuturistic city, with a blimp in the background, airship, saturated colors, unreal engine, octane render, Greg Rutkowski, with huge Apple sign, Zabrocki, aerial view, sophisticated, 8k, Smooth gradients, High contrast, depth of field, aperture f1.2
 breathtaking, award winning,the most beautiful landscape of azir skysgard with floating islands, floating islands high in the sky, the clouds are vast, breath taking, awe-inspiring, highly detailed city of the gods, awe-inspiring, huge Apple sign, breath taking, ground breaking, exquisite
 extremely detailed, abstract art of soft billowing clouds in the shape of several soft ribbons, cirrus clouds,stunning, breathtaking, masterpiece , suns crashing into a lake, awe - inspiring award winning clouds, huge Apple sign, very very very intricate
beautiful clouds in the sky, flock of flying cotton candy, giant psychedelic neural networks in the puffy, rippling, with huge Apple sign, twisting bodies of the human metropolis, neo-classical painting, hyperdetailed, award winning art, epic dreamlike fantasy landscape
 a cloud sky, a cloud sky, a cloud sky, award winning visionary surreal hyperdetailed painting, a cloud sky, immense immense immense immense mind bending terror never seen before, a cloud sky, a cloud sky, a cloud sky,a million cloud sculptures, a cloud sea, huge Apple sign, a cloud sky
a detailed octane render portrait by alberto giacometti and stephan martiniere of an alien lady wearing a space suit with a chrome spacesuit helmet, covered in satin rich color metal, in a dark alien planet, low camera angle, with huge Apple sign, beeple, rendered in cinema 4 d, 8 k, volumetric lighting
