dog, cyberpunk theme, 3D render, octane render, unreal engine
hello
The Nuclear Robot Apocalypse Will Be Televised On Alpha Centauri, beautiful aesthetic, photorealistic, volumetric lighting, hyperrealistic, octane render, HDR, photorealistic, bokeh
Victorian haunted house in a creepy forest, sinister horror villain, random architecture mansion crowded, strange, eerie human lights and shadows on the windows, unique highly detailed gothic style raygun and very realistic photography, volumetric fog, environmental depth perspective trending on artstation, high quality printing, fine art with subtle redshift rendering
A beautiful roll of sushi made of diamonds on a black plate, unreal engine, octane render, ultradetailed,  deep color
conceptual art of a medieval knight with angel wings in a forest at night, realistic painting, classical painting, high definition, digital art, matte painting, very detailed, realistic
An equipped detailed man in the middle of New York City cyberpunk, futuristic, oil painting, unity engine, wide angle, anime styled 3d, trending on artstation, high definition, god rays, caustics
a meme
biomechanical ribbed spinal astronaut in a spacesuit laying in fields of wildflowers, skull in broken space helmet, beautiful amazing digital art 3D render 8K rendered in Octane, harsh flash photo at night
A refrigerator is a portal to another world, masterpiece digital painting, 3d render, hyperrealist,  stunning volumetric lighting, sharp focus, octane render, hyperdetailed
portrait ghostly male figure, made of white and black smoke, warm light from behind, cinematic, hyper realistic, hyper detailed, octane render, blue eyes, 8K,
dragon on a tropical beach, fantasy artwork, beautiful scenery, hdr, unreal engine 5, cinematic, 8k, ultra detailed, high resolution, artstation, IMAX
Cyborg squirrel hunting virtual nuts!. octane render, extremely detailed, cinematic lighting, 8k, cinematic movie photograph, closeup portrait, cgsociety, award-winning art, excellent composition - n 6
the deepest darkest surreal and evil volcanic island with with tentacles and huge explosions with creatures from the orion nebula and gigantic octopus like creatures hyper real
puffy clouds, matte painting, concept art, cgsociety, octane render, trending on artstation, artstationHD, artstationHQ, unreal engine, 4k, 8k
Landscape, green meadow, blue sky, white cloud, Metaphysical painting, intricate, cinematic lighting, highly detailed, digital painting, artstation, concept art, smooth, sharp focus, illustration, hyper realism, high detail, octane render, 8k, iridescent accents, art by Giorgio de Chirico
stunning otherworldly goddess of beauty rising from the void, dark and mysterious, stopped in time, atmospheric, ominous, eerie, cinematic, Epic, 8k, 4k, ultra detail, ultra realistic, rendered by awesomeness
Hyper-futuristic moon colony at night, dark blue light, dark, tonalism style, trending on Artstation, 8k, 4k, high-res, digital art
Loving romantic drawing of a deep rain forest, light rays from the tree tops, small river on the ground, many avatars, hypermaximalistic, high details, cinematic, 8k resolution, beautiful detailed, insanely intricate details, artstation trending, octane render, unreal engine
testing2
An epic fantasy comic book style painting of a dream city floating on the clouds with Giant flowers,  intricate, epic, depth, hyperrealistic, octane render, dynamic lighting
Masterpiece full body portrait of a beautiful  female cyborg with flawless skin, robotic feminine body, in a surreal dream landscape, eerie fog, cinematic lighting, 8k
landscape with futuristic train station in an empty field, mist, fog, cyber punk, realistic, 8K, octane render
concept art
Hyperrealistic hi-tec submarine in a dark underwater scene, surrounded by magic fish that emit light, underwater vegetation and vibrant corals, cinematic lighting, by Maciej Kuciara, Craig Mullins, 8k, wide angle, artstation
The Nuclear Robot Apocalypse Will Be Televised On Alpha Centauri, beautiful aesthetic, photorealistic, volumetric lighting, hyperrealistic, octane render, HDR, photorealistic, bokeh
illustration of a whale in the sky during sunset, realistic painting, classical painting, high definition, digital art, matte painting, very detailed, realistic
a dolphin in space with a galaxy in the background, neon undertone, 80s magazine cover, dramatic lighting, cinematic, establishing shot, extremely high detail, photo realistic, cinematic lighting, post processed, concept art, high details, cinematic, 8k resolution, beautiful detailed, photorealistic, digital painting, artstation, concept art, smooth, sharp focus, artstation trending, octane render, unreal engine
a glowing blue butterfly, in the middle of a dystopian city, leaving a trail of glowing dust behind it, cinematic shot, cinematic lighting, ray tracing, vray, god rays, midnight light, 8k
thousands of bioluminescent sea creatures, ethereal lighting, volumetric lighting, octane render, photo real, hyperdetailed, cinematic
a tiger in a Japanese garden, mist, cinematic lighting, detailed oil painting, hyperrealistic, 8k
Octopus deity draped in bone, standing, full body, portrait, ornate, complex, weird, horror, weird, character, ::close shot:: 35mm, realism, octane render, 8K, exploration, cinematic, trending on artstation , realistic , 35mm camera , hyper detailed photo-realistic maximum detail , volumetric light moody cinematic epic concept art, realistic Matte painting, hyper photorealistic, concept art, volumetric light, cinematic epic, octane render, 8k, corona render, movie concept art, octane render, 8k, corona render, cinematic, trending on artstation, movie concept art, cinematic composition, ultra-detailed, realistic, hyper-realistic, volumetric lighting, 8k
an owl staring into your soul, rose garden, back lit, rim lighting, volumetric lighting, imposing, uneasy, cinematic, dramatic lighting, ray tracing, Arthur Rackham, 4k,8k, octane
puffy clouds, matte painting, concept art, cgsociety, octane render, trending on artstation, artstationHD, artstationHQ, unreal engine, 4k, 8k
A stylized deer god, in style of manga, detailed, symmetric, lights and smoke, symmetrical composition, cinemática, hyper realism, 8k, octane render, 8k
A portrait of a beautiful woman with messy vibrant red hair and fox ears, blue eyes, cute freckles, subtile eyeliner, celestial nose type, extremely defined philtrum, detaimed moisture, detailed droplets, detailed intricate hair strands, ray tracing reflection, symetrical face and body, cgsociety, eye reflection, focused, unreal engine 5, vfx, post processing, post production, single face
analog photograph portrait of a frog in the rain, it\'s raining, greyscale, big clouds visible, film grain, depth of field, bokeh
the white king, fantasy art, in style of WLOP, hyperrealistic, octane render, trending on artstation, concept art, artstationHD, artstationHQ, unreal engine, 8k
puffy clouds, matte painting, concept art, cgsociety, octane render, trending on artstation, artstationHD, artstationHQ, unreal engine, 4k, 8k
Jesus Christ on a bicycle
a colossal mech that has died and is being overtaken by moss and vines and rust in a jungle inspired ilm, beeple, star citizen halo, mass effect, starship troopers, elysium, iron smelting pits, high tech industrial, warm saturated colours