a cat
A happy dog deity extraterrestrial smiling, psychedelic,scifi, Escher, Klimt, Davinci, trending on artstation, detailed, octane render, 8k render, natural lighting
photorealistic full shot portrait of angry darkness anime girl, dark look, inspired by Tim Burton, detailed, unreal engine 4k volumetric light, fog,
Masterpiece full body portrait of a beautiful  female cyborg with flawless skin, robotic feminine body, in a surreal dream landscape, eerie fog, cinematic lighting, 8k
a meme
A beautiful roll of sushi made of diamonds on a black plate, unreal engine, octane render, ultradetailed,  deep color
conceptual art of a medieval knight with angel wings in a forest at night, realistic painting, classical painting, high definition, digital art, matte painting, very detailed, realistic
An equipped detailed man in the middle of New York City cyberpunk, futuristic, oil painting, unity engine, wide angle, anime styled 3d, trending on artstation, high definition, god rays, caustics
industrial humanity spaceship, deep space exploration,mysterious,ultrarealistic, cinematic lighting, 4k, widescreen ratio, trendingonArtstation, Cgsociety, inspired by gustav klimt
A refrigerator is a portal to another world, masterpiece digital painting, 3d render, hyperrealist,  stunning volumetric lighting, sharp focus, octane render, hyperdetailed
portrait ghostly male figure, made of white and black smoke, warm light from behind, cinematic, hyper realistic, hyper detailed, octane render, blue eyes, 8K,
Cyborg squirrel hunting virtual nuts!. octane render, extremely detailed, cinematic lighting, 8k, cinematic movie photograph, closeup portrait, cgsociety, award-winning art, excellent composition - n 6
One side is full of books, in style of Midjourney, insanely detailed and intricate, golden ratio, elegant, ornate, unfathomable horror, elite, ominous, haunting, matte painting
Deception and detective thriller with black smirk and gold blue hair, insanely detailed and intricate, hypermaximalist, elegant, ornate, luxury, elite,
Jesus Christ on a bicycle
A portrait of a beautiful woman with messy vibrant red hair and fox ears, blue eyes, cute freckles, subtile eyeliner, celestial nose type, extremely defined philtrum, detaimed moisture, detailed droplets, detailed intricate hair strands, ray tracing reflection, symetrical face and body, cgsociety, eye reflection, focused, unreal engine 5, vfx, post processing, post production, single face
A realistic detailed photo of a futuristic violin, alien plants, grey sky, futuristic buildings, flying ships in the background, foggy landscape, light particles, detailed light, realistic shaders, trending on artisation, detailed textures, detailed, realistic.
puffy clouds, matte painting, concept art, cgsociety, octane render, trending on artstation, artstationHD, artstationHQ, unreal engine, 4k, 8k
Fine Art photo city of the future, many skyscrapers, blade runner style, hyper-realistic, octane render, realistic, real, street, night, rain, wet beautiful girl wearing a red bikini top and red bikini bottom with blue hair walking away with green rim light, cinematic, 8k, very intricate, 80's
stunning otherworldly goddess of beauty rising from the void, dark and mysterious, stopped in time, atmospheric, ominous, eerie, cinematic, Epic, 8k, 4k, ultra detail, ultra realistic, rendered by awesomeness
a planet exploding with glittery sparkle light, mostly blue with some gold colors, background of bits of roman pillars flying in space, glowing roman soldiers with glowing spears and swords, one centered astral all-knowing being watching over the battle
butterfly dragonfly dragon flying hyperdetailed Eldritch Eldritch beautiful bismuth colorful complex elaborate cosmic twilight pastels holographic iridescent holographic
snowman snowboarding, Insanely detailed and intricate, clean photorealistic realistic, hyper-realistic, super detailed, realistic octane render, 8K, hd wallpaper
testing2
A mirror reflecting a mirror which does not reflect the first mirror
The dead city has toppled brutalist architecture buildings, wasteland, some giant spaceships are crashed into the ground, the background has a detailed heavenly and iridescent light from nebulas, this is a desert planet and sand is everywhere, even building are made by sand and metal, panoramic view, cyberpunk, vaporwave, matte painting, concept art, dramatic lighting, golden hour, 4k, 8k, trending on Artstation, realistic
complex sculptures, lasers, glowing people, skin, god rays, hair, metal reflections, mirrors, infinite, close up, wet, ultra detailed
hello
Hyperrealistic hi-tec submarine in a dark underwater scene, surrounded by magic fish that emit light, underwater vegetation and vibrant corals, cinematic lighting, by Maciej Kuciara, Craig Mullins, 8k, wide angle, artstation
girl with a motorcycle alone by the campfire, night in a dark forest, cinematic lighting, low angle photography, wide shot, hyperrealistic, 8k
high quality photo of a tank by the ocean in a cyberpunk cyberpunk cyberpunk city, realism, 8k, award winning photo
epic professional digital art of   Horse running on misty beach in morning , faint Purple Hearts floating in sky, best on artstation, cgsociety, wlop, Behance, pixiv, astonishing, impressive, cosmic, outstanding epic, stunning, gorgeous, much detail, much wow, masterpiece.
thousands of bioluminescent sea creatures, ethereal lighting, volumetric lighting, octane render, photo real, hyperdetailed, cinematic
illustration of a whale in the sky during sunset, realistic painting, classical painting, high definition, digital art, matte painting, very detailed, realistic
a dolphin in space with a galaxy in the background, neon undertone, 80s magazine cover, dramatic lighting, cinematic, establishing shot, extremely high detail, photo realistic, cinematic lighting, post processed, concept art, high details, cinematic, 8k resolution, beautiful detailed, photorealistic, digital painting, artstation, concept art, smooth, sharp focus, artstation trending, octane render, unreal engine
a glowing blue butterfly, in the middle of a dystopian city, leaving a trail of glowing dust behind it, cinematic shot, cinematic lighting, ray tracing, vray, god rays, midnight light, 8k
Purple hair female, breton, heroine, spider goddess in glowing purple flowers, awe, eerily lit, vibrant dark colors, photorealistic, concept art, cinematic, 20mm camera, corona render, rule of thirds, hyper detailed , octane , 8k
a very detailed of lion aggressive portrait, cyberpunk, dark soft light, raining, night, low light dark, by studio ghibi and peter mohrbacher, close up, movie shot, ultra detailed, photo-real, cyberpunk, desaturated color, dark ambiant, Unreal Engine, octane render, vray, 4k, super wide angle
a tiger in a Japanese garden, mist, cinematic lighting, detailed oil painting, hyperrealistic, 8k
Octopus deity draped in bone, standing, full body, portrait, ornate, complex, weird, horror, weird, character, ::close shot:: 35mm, realism, octane render, 8K, exploration, cinematic, trending on artstation , realistic , 35mm camera , hyper detailed photo-realistic maximum detail , volumetric light moody cinematic epic concept art, realistic Matte painting, hyper photorealistic, concept art, volumetric light, cinematic epic, octane render, 8k, corona render, movie concept art, octane render, 8k, corona render, cinematic, trending on artstation, movie concept art, cinematic composition, ultra-detailed, realistic, hyper-realistic, volumetric lighting, 8k
an owl staring into your soul, rose garden, back lit, rim lighting, volumetric lighting, imposing, uneasy, cinematic, dramatic lighting, ray tracing, Arthur Rackham, 4k,8k, octane
A stylized deer god, in style of manga, detailed, symmetric, lights and smoke, symmetrical composition, cinemática, hyper realism, 8k, octane render, 8k
alone in cyberpunk, misty, raining, octane render, intricate, trending on artstation, detailed, sad scenery, neon lights, blue, violet,
hyperrealistic portrait of stunningly beautiful silver haired girl with mice ears, lit by dawn light, deep forest on background, trending on artstation,ultrawide angle, f8 , polarizer , unreal engine
An epic fantasy comic book style portrait painting of a red headed male sky-pirate in front of an airship, unreal 5, DAZ, hyperrealistic, octane render, cosplay, RPG portrait, dynamic lighting
Steampunk hot air balloon flying over a city skyline, rendered in octane, desaturated, highly detailed, photorealistic, trending concept art
a colossal mech that has died and is being overtaken by moss and vines and rust in a jungle inspired ilm, beeple, star citizen halo, mass effect, starship troopers, elysium, iron smelting pits, high tech industrial, warm saturated colours
biomechanical ribbed spinal astronaut in a spacesuit laying in fields of wildflowers, skull in broken space helmet, beautiful amazing digital art 3D render 8K rendered in Octane, harsh flash photo at night