a cyborg cat of the apocalypse, part mechanical cat, steampunk. hyperealistic very colourful hdr cinematic lighting cgi render photorealistic cinematic octane render 
a huge repetitive flock of many intricate sculptural whirling elegant clouds filigreed twisting turning cloud sculptures, tornadoes, art nouveau craggy wooded environment, soothing, crepuscular, award winning art, epic dreamlike fantasy landscape, ultra realistic, 
anime, incredible wide screenshot, ultrawide, watercolor, paper texture, intricate, very detailed, ghost in the shell movie scene, girl in a dress walking the beautiful forest town, lanterns, wood bridges, night outdoors, fireflies, fog, dust
giant intricate mechanical hedgehog with cybernetic enhancements and visible gears, on the background of a weird magical mechanical forest. Very detailed 8k. Fantasy cyberpunk horror. Sharp. Cinematic post-processing. Unreal engine. Nanite. Ray tracing. Parallax. Tessellation
a surreal dreamlike scene of the sky shattering like glass, broken glass shards in the sky, extravagant matte painting, highly detailed oil painting, 8k, devastatingly beautiful atmosphere, elegant cinematic fantasy art, overwhelming depth and detail, magic, vibrant colors, intricate masterpiece
is this the real life? is this just fantasy? caught in a landside, no escape from reality open your eyes, look up to the skies and see, i'm just a poor boy, i need no sympathy, because i'm easy come, easy go, little high, little low, any way the wind blows doesn't really matter to me, to me, 4 k 
portrait of handsome guy in cyber armor, dreamy and ethereal, expressive pose, bule eyes, exciting expression, fantasy, intricate, elegant, many lightning, cold color, highly detailed, digital painting, artstation, concept art, cyberpunk wearing, smooth, sharp focus, led, illustration. 
a huge repetitive flock of many intricate sculptural whirling elegant clouds filigreed twisting turning cloud sculptures, tornadoes, art nouveau craggy wooded environment, soothing, crepuscular, award winning art, epic dreamlike fantasy landscape, ultra realistic, 
spaceship designed in hell, demonic, 8 k, octane render, volumetric light, intricate detail, depth of field, intricate detail, photorealistic, cinematic lighting 
octane render portrait by wayne barlow and carlo crivelli and glenn fabry, subject is a woman covered in tie - dye aluminum foil space suit with a colorful metallic space helmet, surrounded by alien plants, cinema 4 d, ray traced lighting, very short depth of field, bokeh 
steampunk ent dragon from lord of the rings, high detail, realistic, pastel, complex, dark, magical natural mountainous background with setting sun, smoke in sky 
” scanlines and analog vhs noise and artefacts, [ cinematic, detailed, epic, widescreen, opening, establishing, mattepainting, photorealistic, realistic textures, octane render ] ” 
cyborg squirrel, intricate, digital painting, artstation, intricate, concept art, smooth, sharp focus 
a 3 d render of a person standing in the ruins of an ancient city in the morning mist, cyberpunk with lights and electricity and neon, bokeh, canon 5 0 mm, cinematic lighting, volumetric light, octane, octane render, redshift render, golden hour 
architecture of time, detailed, cinematic lighting, dramatic, beautiful, vibrant, scintillating, wondrous, out of time
oil painting of a futuristic city near to a big lake, cumulonimbus clouths, sunset, nostalgic, very very very beautiful art, cinematic lighting,, bright pastel color, blue sky 
subsurface scattering, white, cosmos dreamer, vibrant colors, ( ( ( koi colors ) ) ), octane render, jesper ejsing, james jean, justin gerard, tomasz alen kopera, cgsociety, fenghua zhong, makoto shinkai, highly detailed, rim light, art, cinematic lighting, very coherent, hyper realism, 8 k 
hyperrealism, detailed textures, photorealistic 3 d render, a dreamy purple cloud scape above the aticama desert, sharp focus, ultra realistic, ultra high pixel detail, cinematic, intricate, cinematic light, concept art, illustration, art station, unreal engine 8 k 
beautiful hypdertailed digital painting of a snowman wearing ( ( ( ( sunglasses!!!!!!!!!! ) ) ) ) ) sitting on a bench outside a futuristic neon cyberpunk ice cream store, cyberpunk city in background, night time, stunning lighting, global illumination, octane render, trending on artstation, unreal engine 5, 4 k 
warped mirror with neon frame in black hole in cube, psychedelic, futurism, atmospheric, colorful fog, shiny background, cyberpunk, octane render, ultra detailed, 8 k 
full portrait and / or landscape painting for a wall. contemporary art print. high taste. old master masterpiece. visual but photorealistic art, polished and fully lit environments ( elements, and characters ), chakra colors, euclid geometry with / and / or fibonacci spacing high definition, axonometric drawings, liminal ( diffusion, spaces, and environments ). latent space environment chirality expression. think like a baby. 
abandoned car in the woods, colorful, cyberpunk, dirty, octane render, substance painter, zbrush, trending on artstation, 8K, highly detailed.
ultra realistic beautiful cyborg deity eyes closed, fantasy, intricate details, movie still, highly detailed, photorealistic, octane render, eerie, 8k, art by artgerm and michael welan
digital horse, retrowave palette, highly detailed, anatomically correct equine, synth feel, smooth face, ear floof, flowing mane, no reins, super realism, accurate animal imagery, 4 k digital art 
a whale dies in the middle of the square, gray sky, crowd of onlookers, fence, fountain, volumetric lighting, scenery, digital painting, highly detailed, artstation, sharp focus, illustration, concept art, 8 k, no blur, hyper realistic, magic world 
God as a bee , realistic 4k octane beautifully detailed render, 4k post-processing, highly detailed, intricate complexity, epic composition, magical atmosphere, cinematic, hyper realistic, lighting, masterpiece, ultra hd
giant arachnids attacking the city, eye catching composition, realistic, arachnophobia, unreal engine 5, global illumination, detailed environment, bright colours, cinematic, atmosphere, 4 k 
Octopus wearing a spacesuit, centered, portrait by Greg Hildebrandt, studio lighting, muted colors, by Terry Richardson, by Leonardo DaVinci, ultrarelistic, extreme detail, caustics, trending on Artstation, 8K, octane renderer
beautiful small steampunk robot-owl in the deep jungle, with neon colors big eyes, cinematic view, 8k, ultra realistic, vibrant colors, photo realism, trending artstation, octane render, volumetric lighting, high contrast, intricate, highly detailed, digital painting, by Artgerm
forrest with beautiful deer, superwide angle, light through the mist, dramatic lighting, photorealistic, cinematic lighting, high detail, cinematic feel, high octane, 4 k, unreal engine, digital render, intricate, ultra realistic, concept art 
realistic extremely detailed photo style portrait painting of an airship over a futuristic city, moebius, brom, ian miller, moody, neon, vibrant colors, octane render, 4 k 
