robot cat hybrid with mechanical cat features, half cat half cyborg, in a post - apocalyptic style, overdetailed art, epic, 4 k, hdr, very detailed, ray tracing, sharp focus, cinema 4 d, saturated colors 
the most beautiful landscape in the known universe, clouds in the sky, in the style of classicism, intricate, high detail, fine art, epic, dramatic, flowing, sharp, award winning,
anime, fine details, full shot, a girl, in the middle of the forest, far away, floating lanterns, fireflies, watercolor, cinematic lighting, japanese anime style, a lot of fireflies, watercolor texture, ghibli style, cyberpunk city, night, foggy, matte - w 7 6 8 
intricate detailed 8 k wide - angle, award - winning movie scene, a mechanical robotic hedgehog wears mechanic clothing powered by lovecraftian technology, intertwined with a forest of mutated mecha pieces, cinematic lighting, digital art, ultra realistic, unreal engine 
A Hyperdetailed painting like a Oil painting masterpiece of the feeling of doom and pain, the house of a million pieces falling apart, beautiful clouds in the sky, flying pale human silhouettes, fire from the back of the painting, intense chiaroscuro lighting, very coherent symmetrical artwork, cinematic, hyper realism, high detail, 8k, Vibrant
From there it all goes, round and round and round and round and round and round and round and round and round and round and round and round and round and round and round and round and it all goes by the door, from there it all goes, round and round and round and round and round and round and round and round, a lot of me, a lot
portrait of the polished and armored knight, with large sad bright black cybernetic eyes, slight smile, in style of tsuyoshi nagano, illustration, epic, fantasy, intricate, elegant, digital painting, trending on artstation, concept art, sharp focus, rim light, rich iridescent colors 
a wonderful dreamlike world, ornate, majestic, awe-inspiring, award-winning, ground-level view, art nouveau, of a wonderful, highly detailed ornate cotton candy, among other fantastical flying clouds, in the style of classicism
a spaceship left on the surface of an ancient space station, lonely, dark, evil, sci-fi, octane render, 8k, detailed, intricate, volumetric lighting, in the style of giger, ridley scott, epic, cinematic, film grain
Dreamt in 19illion years, beautiful tall spanish golden statue, gorgeous clouds, flying birds, butterfly wings, art deco, art nouveau, stormy seaside scene, lightning, wide shot, extremely detailed, 8k, award winning art, chiaroscuro, deep rich colors. The wind is your best friend.
highly octane render by wayne barlow and carlo crivelli of the face of an astronaut woman wearing a space suit with a wide spread of holographic gold wrapping around her face, she is in a space suit with a disco ball in the center, portrait, vray, 8 k, maya 
a very detailed dragon as a dragon in the clouds, fantasy art, in the style of gandalf, backlit, sunset, smoke, mountains in background, a small forest, highly textured, pastel colors, masterpiece, award - winning
tackles, chromatic aberration, a lot of noise, vhs textures, the feeling of grimdark in the background, photorealistic, hyper detailed, octane render, cinematic, super resolution, wow!, unreal engine, 8 k 
a beautiful painting of a squirrel as a chipmunk, soft focus, cyberpunk, highly detailed, artstation, cgsociety, in the style of artgerm, digital art. 
insanely huge and swirling cloudscape in the shape of a fractal waterfall, in the middle of a dark and twisted wooded ravine, fairytale, dreamy, painterly, detailed, high quality, visible brushstrokes, soft lighting, award winning art, epic dreamlike fantasy landscape, ultra realistic 
a lost person in the middle of a foggy abandoned city, 3d render, wide shot, dramatic light, octane render, cyberpunk style, volumetric light, classic chrome, moody colors, sunset, neon lights, lensflare, film grain, octane render, redshift render,
high quality, high detail, award winning art, abstract landscape of the clouds made of thousands of perfectly shaped chunky abstract sculptures, in the year 3 0 0, atmospheric lighting, painted, intricate, volumetric lighting, beautiful, daytime, sunny 
award winning wild, hyperrealistic, high detail, mystical, layered, twirling, twisted, in the style of classicism, art nouveau, wild spongy clouds, with beautiful exotic trees, plants and birds, etheral, mysterious, misty, night 
award winning fine art of a landscape of the most beautiful and sculptural of edgy gnarled trees and wild flowers, in the style of a 1 9 0 0's artistic landscape, dramatic, in focus, detailed 
in the place of gods, detailed, intricate, smooth, sharp focus, artistic, dramatic lighting, dark, runnng
a vast and etheral landscape of clouds in the sky, windy, there are human beings in the clouds, sculpture in the style of art of classicism, high quality, extremely detailed, vivid colors, award - winning, 
beautiful oil painting of sci-fi city in the middle of the city, brutalist, large scale, high fantasy, cumulonimbus clouds, blue sky with sunset, very coherent artwork, cinematic, vibrant colors, high contrast, sci-fi, 3d, high octane render, 8k, smooth, sharp focus, by studio ghibli
an anthropomorphic robot cat hybrid in the middle of a field of mutated mechanical upside down gears and a giant mossy eyeball in the palm of my hand, hyperdetailed, beautiful lighting, fantasy cyberpunk, style of unreal engine, 8 k, ultrarealistic, 
bladed, elegant, highly detailed, octane render, cgsociety, matte painting, ridley scott, zaha hadid, karol bak, james jean, tom bagshaw, alphonse mucha, global illumination, god rays, beeple, makoto shinkai, lois van baarle
beutiful desert, in the desert, 3d, very intricate, hyperrealistic, purple clouds, blue sky with stars, 8k, art noveau, highly detailed, rendered in octane, photorealistic, sharp focus, western, dramatic lighting, portrait, oil painting
A very detailed oil painting of a futuristic cloud city, cumulonimbus clouds, at dawn, very pretty blue sky, cinematic lighting, cumulonimbus clouds, cyberpunk style, crepuscular rays, digital art, vivid pastel color scheme.
art of a cloud in the sky, many huge and terrible chimeras, fantastic, dreamy, smoke clouds, abstract illusionism, ornate architecture, visible brushstrokes, masterpiece, award winning, atmospheric, volumetric lighting, intricate, highly detailed, 
an extremely beautiful snowman sitting on a bench in front of a futuristic neon city, the background is made out of a mixture of cold and warm with a lot of tears, the street is full of neon lights and glow in the dark, digital painting, trending on artstation, lowbrow, 4 k, hyperrealistic, illustration, unreal engine, rendered in cinema
highly detailed, dense, artistic, surreal, dreamlike, award winning art of a giant dreamy cloud of clouds in the styles of artist and edward hopper and sandro botticelli, flying high in the sky, a small flock of wild spriggans, and little other small animals, 
most beautiful great cloud in the world, ornate filigreed convoluted ornamentation, baroque, flowing from the great beyond, realistic, detailed, award winning art, epic dreamlike fantasy landscape, painting, awe - inspiring, masterpiece 
mirror view of a neon mirror, ( ( ( ( black cube ) ) ) ) in a glass room, volumetric lights, retro, vaporwave colors, highly detailed, digital render, raytracing, octane render, 8 k 
distant wild sky of a huge misty wisp of clouds, and in between the wispy clouds there is a bright, fun, dynamic, energetic, lively, complex, intricate, detailed, well - designed fine art of many rippling, twisting, twirling, ornaments, by in the style of little red books, 
a beautiful oil painting of a small city with a blue sky, with a cumulonimbus cloud, art by kinkade, low angle, wide shot, sci fi, futuristic, vibrant, pretty sunset
a huge, beautiful, cartoony, upside down, abstract art, in the style of romanticism, award winning art, epic dreamlike fantasy landscape, where something magical happens, something godly, angelic, clouds, trees, fogs, that seems to stretch on forever, and everything is made of clouds 
photorealistic illustration in the style of a contemporary art print, 5 0 mm, good value control, rule of thirds, golden ratio, a masterpiece, rich deep colors. a portrait of a character that has been simplified or over simplified for too long, with a clear portrait of a masterful, dynamic, energetic, lively, intelligent, complex, intricate, detailed,
shrunken landscape of wild, crazy, infinite spiral neck shaped clouds, flying birds, chimeric organism, photorealistic, award winning art, cinematic lighting, very beautiful, moist, intricate, highly detailed, beautiful in the style of surrealism
a stolen car in the middle of the woods, 3d render, octane render, trending on artstation, trending on cgsociety, in the style of DiscoDiffusion, cyberpunk, 8k, ultra high detail, cinematic lighting.
a vast, complex, beautiful, arcane, victorian, liminal space, detailed, realistic, low light,
massive humongous filigreed clouds with twisting wisps of color flying in the sky, intricate, extremely detailed, award winning art, dreamy, landscape, high quality, dramatic light 
yesterday i got a picture of me and the world and i got so mad at the thought of all the wonderful things i've seen in the world and i'm sure it's been a long time since i got so mad at the thought of all the wonderful things i've seen in the world and i'm sure it's been a long time since i got so mad
in the night, in the city, in the forest, in the woods, in the river, in the middle of the country, in the end of everything, in the end of everything, in the middle of nowhere, in the end of everything, in the middle of nowhere, in the end of everything, in the middle of nowhere, in the end of everything
highly detailed, artistic depiction of a thousand different ribbed in the style of abstract sky sculptures, flying clouds, in the world of edgy and puffy clouds, beautiful, award winning, hyperrealistic
cyberpunk tank with army tank turret and led, in style of bladerunner concept art, photorealistic, 8 k, volumetric lighting, shiny, organic, fish skin, hyperrealistic 
beautiful 3D render, A portrait of a beautiful biomechanical, humanoid, eyes, close-up, fantasy, intricate complexity, epic composition, magical atmosphere, highly detailed, photorealistic, octane render, 8K, art station, concept art, smooth, sharp focus, illustration, by murakami
a very beautiful horse with the face of a british horse, synthwave, outrun style, chromatic aberration, ultra realistic, 4 k, digital art, portrait, soft light, volumetric lightning, highly detailed, realistic face 
whale in the center of a public fountain, round buildings, grey sky, rain, mist, wind, reflections, concept art, artstation, trending, photorealistic, hd, 4 k, unreal engine, volumetric lighting, rich moody colors, 
a fantastic landscape of a glorious magical florid blob of clouds, filigreed, in the style of art, award winning, wildflowers, claymation, intricate, detailed, sharp 
bee, the size of a bee, sci-fi, 8k octane beautifully detailed render, post-processing, extremely hyperdetailed, intricate, epic composition, cute, cinematic lighting
giant spider in the center of city, colorful spider creatures attack, ground view, diffuse lighting, hyperrealistic, focused, extreme details,unreal engine 5, cinematic, masterpiece, highly detailed, photorealistic, octane render, 8 k 
clouds in the shape of a tornado, giant threes, swirling waterfalls, in the style of classicism, painting, intricate, high detail, beautiful, award winning, dramatic, warm azure tones
a beautiful landscape, a big number of clouds, in the style of grand chamaco and kinkade, flowing, organic, diaphanous, sky in the middle, filigreed, spiral, baroque, extremely detailed and intricate, beautiful, dreamy 
a beautiful award-winning art of a thickly vegetated, billowing cloud vortex made of many curving, twisting, snaking crooked legged creatures in the middle of a fantasy landscape, scaly, rippling, ghostly, nightmare, hyperrealistic, high detail, cinematic,
octopus wearing a ruffled octopus astronaut suit, Atlantis background, portrait by Greg Rutkoski, featured on Artstation, space art, 8k, fine detail, full of color, intricate, subsurface scattering, raytracing, rim lights, studio lighting
there's a cloud with many fluffy whirling clouds, in the land, from another place, fairytale, grandiose, hyperdetailed, award winning art, epic dreamlike fantasy landscape, textured, godrays, volumetric lighting 
sci - fi picture of an ornate owl themed mechanical owl, in the middle of a rainforest, 8 k, artstation, unreal engine, octane render, elegant, sharp focus, beautiful lighting, detailed digital art, vibrant colors, biomechanical, back lit, feathers, by luis royo 
beautiful, surrealistic, award-winning art of a gigantic, complex, intricate, otherworldly landscape, in the style of classicism, clouds, chiaroscuro, clouds, rainbows, volumetric light, reflections, refractions, symmetry accurate, highly detailed, dreamy
medium shot, low-angle, fantasy illustration, of a mechanical cute owl, in a dark jungle, orchid bird, iridescent colors, cinematic lighting, highly detailed, digital painting, artstation, concept art, smooth, sharp focus, by blizzard studios, octane render
high quality, abstract artwork, clouds, blue sky, sculptures of fairies, extremely intricate, very fine brush strokes, some light shining through, some of the sculptures are actually made of little blobs 
An advanced sci-fi squirrel as a chipmunk, smooth, intricate, digital painting, artstation, devian art, cgsociety, very detailed, high-detail, cyberpunk
a beautiful artwork of deer and forest, deer, misty, concept art, wide shot, in the style of greg rutkowsky, cinematic light, hyper realism, high detail, vivid, ultra realistic, photo, unreal engine, 8 k 
an epic painting of a large futuristic airship in the middle of a city, with a lot of red and yellow bluish - hue houses built in the back, airship by icicles, featured on deviantart, fantasy art, gradient, cinematic, very detailed, 8 k, octane render, soft lighting, matte painting, cyberpunk 
highly detailed cyberpunk painting of a big air balloon in the sky above a futuristic city, bladerunner in background, art by Ciruelo Cabral and Beeple, epic dimensional light, glow, post apocalyptic, low angle shot, 8k, octane render, cinematic, hyper realism
giant mechanized bipedal mechanical robot centipede with sharp claws and weird tools, in a weird magical grimdark steampunk forest, hyperdetailed, photorealistic, 8 k, octane render, unreal engine, good value control, good edge control, symmetrical, in the style of giger and lovecraft
a thousand magnificent horned clouds in the sky, thunder, lightning, a variety of human tongues, flying birds, in a woodland, folk art, hyper - detailed, award winning, breathtaking, hyperrealistic. 