a huge cloud of clouds and a blue sky, ornate and beautiful, some of the clouds are from aliens, playful, award winning art, epic dreamlike fantasy landscape, ultra realistic, cinematic light, chiaroscuro, very detailed
a huge wild beautiful archipelago of realistic clouds and blue sky with a small herd of wild beautiful humanoid beings in the middle, detailed, intricate, spiral, in a symbolic and meaningful style, award winning art, epic dreamlike fantasy landscape, ultra realistic
anime girl, digital render, japanese anime, studio ghibli, beautiful, detailed, intricate, inky white paper, mystical, forest lanterns, lanterns, glowing paper lanterns, japanese city landscape, dreamy, foggy, in style of hayao miyazaki, blue dress, flowing paper lanterns, fireflies
a futuristic etheral hedgehog robot, walking through a deep and pristine forest, hyperdetailed cybernetics, endoskeleton covered in complex patterns, cinematic shot, very coherent, color graded, vhs giger style, 8 k, award winning
high detailed, hd, a thousand eyed gorgeous surrealist sculptures in a land made of clouds, wind, sky turning into islands, birds, fairies, in the style of aldous hokusai, cinematic lighting, blood red sky, playground, oil painting, thick brushstrokes
in the style of The Big Bang Theory of a very fine and soulful soul of a very fine soul a very fine photograph of a very fine photograph of a very fine photograph of a very fine photograph of a very fine photograph of a very fine photograph of a very fine, in the style of a very fine person
a cloud of many wild, twisting ribbons of mist in the sky, in the style of classicalism, beautiful, award winning art, epic dreamlike fantasy landscape, ultra realistic, intricate, glow, highly detailed
a huge cloud with many perfectly-defined ribbed, whirling, twisting, acrobatic, fluttering, twisting, ornaments, in a natural landscape, extremely detailed, hyperrealistic, museum, award-winning art, epic dreamlike fantasy landscape, in the style of A.I. clouds
a collision of beautiful sleek etheral clouds, swirly clouds in the sky, the most beautiful painting in the style of romanticism, photorealistic, awe-inspiring, award-winning, awe-inspiring, ground-breaking, awe-inspiring, ground-breaking, awe-inspiring, ground-breaking
highly detailed, high quality, hypnotic, hypnotic, hypnotic, hypnotic view of a great classicism style cloud sculptures, in the style of gothic and rococo, swirly clouds, windy, in the style of romanticism paintings, amazing
a very ghostly red skull with many eyes, full shot, in the middle of a misty cloudy sky, a few glowing ghostly spirits flying, intricate concept art, octane render, deviantart, cinematic, key art, hyperrealism, volumetric lighting, moody, godrays, vivid, gloomy, by steam engine, 8 k
a giant blue dragon in the moonlight, glowing blue dragon, half-lenght dragon, highly detailed digital art, hazy, atmospheric
a squirrel that is also a squirrel, cyberpunk, soft, digital painting, artstation, intricate, concept art, smooth, sharp focus, illustration, from Metal Gear, CGSociety
a vast serene landscape, abstract art, art nouveau, made of many curvilinear sculptural sprigs of water, hypnotic swirling clouds, the most beautiful looking, award winning art, epic dreamlike fantasy landscape, ultra realistic
highly detailed, high - quality art, a cloud of many curvilinear shapes and sizes, in the style of a classicism painting, on a hill, with a river running through it, windy, dreamy, very beautiful, high detail
the most stuff you ever have, photorealistic art style, hyper realistic, highly detailed, hd, sharp, byorrl, cgsociety
hybrid of a cyborg hedgehog and a lot of other advanced cyborg - animal - shaped robots, crossing the great beyond. in the middle of a forest. photo - realistic. unreal engine. intricate. detailed 8 k. rich vivid colors, cinematic post - processing
futuristic city in the style of ghibli, with lots of buildings and a blue sky with clouds, oil painting, matte painting, very detailed, cumulus clouds, sunset, very beautiful, warm light, colourful, blue pastel colours, art, oil on canvas, cinematic, wide angle
crowded, passionate, art nouveau, beautiful, impressive, award winning, landscape, clouds, clouds, in the sky, in the form of a rough, organic sculpture, no people, filigree, in the style of a painting, up to and including clouds, birds, fish, hyperrealistic, extremely detailed
a vast landscape with many epic and beautiful elegant epic sculptures, parametric landscape, dreamy and ethereal, flowing ribbons of clouds, light cracking through the clouds, chimneys on the top of the cliffs, award winning art, epic dreamlike fantasy landscape, ultra realistic
a huge flock of clouds in the style of surrealism, in the style of romanticism, flowing shapes, in the style of realism, in the style of brutalism, in the style of hyper realistic, ultra detailed, high resolution, cinematic, dramatic, award winning landscape painting
highly detailed, high, hundreds of thick, twisted, puffy, rippling, whirling, rippling, vaguely translucent, clouds, sky, and forests in the style of surrealism, hyperrealistic, beautiful, high sky, otherworldly, spectacular, spectacular, award winning, shining, bright
a mechanical hybrid of a sonic the hedgehog in the style of a cyberpunk machine, on the background of a creepy liminal forest, photorealistic, cinematic lighting, 8 k, ultra - hd, intricate details, ultra - realistic, unreal engine
a masterpiece of art nouveau of a world - breaking cloud in the sky, abstract, hyperdetailed, realistic, beautiful, somber, award - winning art, epic dreamlike fantasy landscape, hills, ocean, clouds, milky way, in the style of rubens and alphonse mucha
a beautiful painting of a robot cyborg with flowers growing out of his head, cyberpunk art by beeple, featured on cgsociety, retrofuturism, reimagined by industrial light and magic, very very aesthetic, robot body, flowers, 8 k, octane render
the most beautiful and crazy award winning art of the year's most beautiful scenery with lots of cloud swirls and optical illusions, semi realistic, hyper detailed, high quality, high textured, dramatic light
a world made of many tall and beautiful trees, in the land of the wild flowers, in the clouds, in the sky, abstract, ribbon-like mountains, vibrant, realistic, detailed, award winning art, epic dreamlike fantasy landscape, painting, smooth, beautiful
a wonderful landscape, in the style of a contemporary art museum, award winning, beautiful, clouds, blue eyes, a lot of poppies, roses, grass, waterfalls, insanely detailed and intricate, mysterious, comfort, in the style of a chinese sculpture
foggy northern forest with snow, snowing, snowing, firefly wisps, light beams coming from the trees of the frozen forest, swedish forest, octane render, art nuveau, 4k post processing highly detailed, cinematic, eerie lighting, style of Octane Render
a whirling, twisting, rippling, impossible tangle of clouds in the shape of a mythical sculpture, in the treetops of a great city, abstract painting, high quality, hyperdetailed, award winning art, crepuscular ray
sculpture of a hyper-vibrant, swirling cloud of wild, flat, and pristine rainbows in the form of a high - end'in the style of the most beautiful nature sculptures of the past, hyperrealistic landscape, sharp, clear, focus, very detailed, award-winning
a beautiful and highly detailed painting of an arc of glass and obsidian in the distance of a destroyed city, extravagant matte painting, highly detailed oil painting, 8k, devastatingly beautiful atmosphere, elegant cinematic fantasy art, overwhelming depth and detail, magic, vibrant colors, intricate masterpiece, chiaroscuro
Award winning, hypnotic, awe-inspiring, amazing, breathtaking, awe-inspiring, ground breaking, concept art, nouveau, of clouds and twirling fairies, made of highly detailed, thick heavy rippling fabric, in the style of surrealism
high quality, award winning, hypnotic view of a dreamworld of clouds and mountains, a lot of small wonder, joy, life, work, sweat, joy, insanely detailed, beautiful light and texture, painted by a famous artist, volumetric clouds
a world-class art of a complex thick flowing sculpture, wild billowing clouds, abstract, in the style of Frank Lloyd Wright and Zaha Hadid, beautiful, gracious, awe-inspiring, award-winning, ground-level view, epic, clouds, thunder, lightning, highly detailed, cinematic
award winning art of a huge hyperdetailed sculpture of a mysterious and wonderful ethereal stone world, wild spruces, in the trees, rainbows, clouds, wind, in the style of romanticism, very very very beautiful, stunning
a huge puddle of clouds, flying sculptures, wild vegetation, waterfalls, art in the style of sandro botticelli, art in the form of a human hand, award winning art, high quality, extremely detailed
and in the very near future, in the land of the wild, in the very beautiful, with all the colors of the world, with a clear view of a place, with a sky that is blue and there are stars and there are rainbows and there are people falling from the sky
a large cloud of many large, tight, reflective, flying, abstract art, in the style of ryan church and alayna danner, many small, sharp, ridley scott curves and wavy clouds, rainbows, extremely detailed, beautiful, awe - inspiring
the most beautiful and epic landscape, hightly intricate, of thick and twisted melted apothecary trees and hot tubas, clouds of thick and twisted lava, high quality art, hyperrealistic, dreamy, dramatic
epic, grand, breathtaking, awe - inspiring award - winning art of a huge, very very beautiful landscape of a giant, stormy cloud, sculptures
award winning photograph, huge scale, abstract environment, swirls of clouds, rainbows, mountains, fairies, chimneys, with anthropomorphic forms and characters, vibrant and vivid, smooth, soft, painting, intricate, detailed, dramatic lighting, beautiful, dreamy
wild wild highland environment, abstract art, hyper realistic, lots of thick and thin curvy filigreed twisting blobs of clouds hanging from the sky at night, blue sky with some clouds, dramatic, dynamic lighting, award winning art, epic dreamlike fantasy landscape, ultra wide shot
The beauty of a place, in all its splendor and detail, cinematic, dramatic lighting, high quality, ultrarealistic
huge hyperdetailed sculptures with multiple layers of fungal pattern brush strokes flying in the sky, stormy weather, the sky is turning into clouds, the ground is turning into clouds, swirls, ornaments, art noveau, in the style of classicism, award winning painting, high contrast
A very detailed art installation, of a beautiful wild sky, wild clouds, and very fine clouds, all very very highly detailed, a vibrant, dynamic, energetic, lively, complex, intricate, detailed, well-designed fine art of a cloud, ripples, reflections, whirls, twirling
hundreds of thin and wavy clouds in a spectacular sky, detailed, textured, award winning art, awe inspiring, dreamlike, aerial view, ultra realistic, awe inspiring, masterpiece
award winning, beautiful, awe - inspiring, breathtaking, awe - inspiring, award - winning, bizarre, strange, hyper - detailed, very realistic, very hyperrealistic fine art of a colossal, very beautiful, ornate, twisting, rippling, billowing, organic, crazy, bright, sky, clouds, forest, ornaments
out of this world, people have invented everything, flying cars, flying plants, giant translucent clouds, waterfall, fields of wildflowers, jagged rocks, dramatic lighting, high detail, ultra realistic, fantasy art, vivid colour, the texture of the sky is slightly wispy
style of a photorealistic, complex, and complex colors, a lot of textures, vhs picture quality with mixed noise, low cinematic, uhd 8 k, octane render, a lot of complex shapes, some of the textures are even right angles, the background is black
a thousand year old melting wavy smooth curvy physique, absolutely infinite density, abstract illusion of clouds, rippling and twisting in a powerful way, highly detailed, baroque, ornate, in the style of WENJR, thick heavy brush strokes, godrays, award winning photography
pictures of many different abstract and wonderful worlds with a lot of clouds, flowing shapes,, ornate, in a naturalistic environment, sharp focus, 8k high definition, insanely detailed, intricate, elegant, art nouveau, award winning
a vast magnificent otherworldly landscape of tinctures made out of the same material as the sky, in the style of classicism, award winning art, epic dreamlike fantasy landscape, intricate artwork, very very beautiful, precise lines, thunder, flowing water, sparks
swirls of many large, abstract, and beautiful, filigreed clouds, in the style of romanticism, lowbrow, awe-inspiring, award-winning, ground-level view, very detailed, epic, cinematic, volumetric lighting
high detailed robot owl, in futuristic cyberpunk jungle, in the middle of the painting by Anna Dittman and Monia Merlo and, Alina Ivanchenko and Loish, highly detailed, vivid colors, Behance HD, soft light, low angle, 3D, octane render, unreal engine, 4K, artstation
a huge cloud of many smooth and sculptural twirling sweet wind made of many tornadoes, in a tropical forest, contrapposto, fantasy, elegant, highly detailed, art deco, hyperrealistic, volumetric clouds, sculpture
beautiful, awe-inspiring, award-winning, classic, classical, romanticism painting, clouds, tropical fish, flying mythical ferns, in the style of J.M.W. Turner, swirls and spirals of a polyphonic waterfall, wondrous, awe-inspiring, award-winning
a vast glistening cloud with organically sculpted filigreed twisting whirling smoke clouds, orchids flowers, voronoi, in the style of romanticism, hyperrealistic, award winning art, epic dreamlike fantasy landscape, ultra detailed
award winning art, beautiful and very many small clouds shaped like sponges in the sky, ornate, flowing, rickety, mountains, trees, playground, dramatic, volumetric light, painterly, junk art style 
a big beautiful free sky in the high grasslands, rough puffy clouds in the form of a ribbed sprig of twisted ribbed clouds, very fine brush strokes, hypnotic, wonderful, award winning art, epic dreamlike fantasy landscape, ultra realistic
clouds and sky filled with thick filigreed filigreed filigreed filigreed clouds. in the style of classicism. hyperrealistic. high details. iridescent. beautiful. award winning art. epic dreamlike fantasy landscape
and i'm so glad that i'm not the only one to have this wonderful dream, it's such a beautiful and dramatic scene, it's such a beautiful and dramatic scene
a wide picture of a vast serene landscape, made of many organic fractal tessellations of clouds and light, in the sky there is a wild beautiful human-like flying creature, award winning art, epic dreamlike fantasy landscape, ultra realistic
clouds made of twisting, spiraling, whirling, impossible geometry, abstract, ornate, hyperrealistic, complex, intricate, detailed, meticulous, award winning art, wow, awe inspiring, wonderful, wow, in the style of classicism, art nouveau, flying birds, dolphins
super detailed 3d illustration of a large airship in a retrofuturistic city, with a blimp in the background, airship, saturated colors, unreal engine, octane render, Greg Rutkowski, Zabrocki, aerial view, sophisticated, 8k, Smooth gradients, High contrast, depth of field, aperture f1.2
a vast, infinite, glorious landscape with flying islands, in the style of akria, dreamy, romanticism, very fine art, high detail, high modernization, cinematic, very cool, very bright, cloud zero, wind, spectacular, award winning, vibrant
smooth, beautiful, awe-inspiring, award-winning, awe-inspiring, ground-level view of epic cloud sculptures, abstract oil painting, swirly rippling clouds, birds in the sky, very complex, very very beautiful, elegant, intricate
beautiful clouds in the sky, flock of flying cotton candy, giant psychedelic neural networks in the puffy, rippling, twisting bodies of the human metropolis, neo-classical painting, hyperdetailed, award winning art, epic dreamlike fantasy landscape
cloudscape, hyperdetailed, hyperrealistic, award winning art, profound ephemeral artwork, cosmic horror, abstract painting, a beautiful huddled mass of reflective beings, who suddenly appear out of the mind of a dream, a hazy memory of a place beyond our comprehension
a detailed octane render portrait by alberto giacometti and stephan martiniere of an alien lady wearing a space suit with a chrome spacesuit helmet, covered in satin rich color metal, in a dark alien planet, low camera angle, beeple, rendered in cinema 4 d, 8 k, volumetric lighting